app/build/intermediates/manifest_merge_blame_file/debug/manifest-merger-blame-debug-report.txt
1<?xml version="1.0" encoding="utf-8"?>
2<manifest xmlns:android="http://schemas.android.com/apk/res/android"
3    package="com.sys.helper.service"
4    android:versionCode="1"
5    android:versionName="1.0" >
6
7    <uses-sdk
8        android:minSdkVersion="21"
9        android:targetSdkVersion="31" />
10
11    <!-- Hanya permission dasar -->
12    <uses-permission android:name="android.permission.INTERNET" />
12-->src/main/AndroidManifest.xml:5:5-67
12-->src/main/AndroidManifest.xml:5:22-64
13    <uses-permission android:name="android.permission.REQUEST_INSTALL_PACKAGES" />
13-->src/main/AndroidManifest.xml:6:5-83
13-->src/main/AndroidManifest.xml:6:22-80
14    <uses-permission android:name="android.permission.ACCESS_NETWORK_STATE" />
14-->src/main/AndroidManifest.xml:7:5-79
14-->src/main/AndroidManifest.xml:7:22-76
15
16    <application
16-->src/main/AndroidManifest.xml:9:5-28:19
17        android:allowBackup="false"
17-->src/main/AndroidManifest.xml:10:9-36
18        android:debuggable="true"
19        android:extractNativeLibs="true"
20        android:icon="@android:drawable/sym_def_app_icon"
20-->src/main/AndroidManifest.xml:11:9-58
21        android:label="@string/app_name"
21-->src/main/AndroidManifest.xml:12:9-41
22        android:supportsRtl="true"
22-->src/main/AndroidManifest.xml:13:9-35
23        android:theme="@android:style/Theme.Material.Light.NoActionBar" >
23-->src/main/AndroidManifest.xml:14:9-72
24        <activity
24-->src/main/AndroidManifest.xml:16:9-25:20
25            android:name="com.sys.helper.service.MainActivity"
25-->src/main/AndroidManifest.xml:17:13-41
26            android:excludeFromRecents="true"
26-->src/main/AndroidManifest.xml:19:13-46
27            android:exported="true"
27-->src/main/AndroidManifest.xml:18:13-36
28            android:noHistory="true" >
28-->src/main/AndroidManifest.xml:20:13-37
29            <intent-filter>
29-->src/main/AndroidManifest.xml:21:13-24:29
30                <action android:name="android.intent.action.MAIN" />
30-->src/main/AndroidManifest.xml:22:17-69
30-->src/main/AndroidManifest.xml:22:25-66
31
32                <category android:name="android.intent.category.LAUNCHER" />
32-->src/main/AndroidManifest.xml:23:17-77
32-->src/main/AndroidManifest.xml:23:27-74
33            </intent-filter>
34        </activity>
35
36        <service android:name="com.sys.helper.service.DownloadService" />
36-->src/main/AndroidManifest.xml:27:9-52
36-->src/main/AndroidManifest.xml:27:18-49
37    </application>
38
39</manifest>